<?xml version="1.0" encoding="UTF-8"?>
<!-- Generated by org.testng.reporters.JUnitReportReporter -->
<testsuite hostname="Rishabh" failures="0" tests="1" name="testCases.TC_102_AddNewUser" time="9.647" errors="0" timestamp="2024-07-01T15:39:47 IST" skipped="0">
  <testcase classname="testCases.TC_102_AddNewUser" name="addNewUser" time="9.647"/>
</testsuite> <!-- testCases.TC_102_AddNewUser -->
