<?xml version="1.0" encoding="UTF-8"?>
<!-- Generated by org.testng.reporters.JUnitReportReporter -->
<testsuite hostname="Rishabh" failures="0" tests="3" name="testCases.TC_103_ValidAndInvalidAccountLogin" time="28.388" errors="0" timestamp="2024-07-05T14:50:30 IST" skipped="0">
  <testcase classname="testCases.TC_103_ValidAndInvalidAccountLogin" name="verifyLogin" time="12.404"/>
  <testcase classname="testCases.TC_103_ValidAndInvalidAccountLogin" name="verifyLogin" time="4.064"/>
  <testcase classname="testCases.TC_103_ValidAndInvalidAccountLogin" name="verifyLogin" time="11.920"/>
</testsuite> <!-- testCases.TC_103_ValidAndInvalidAccountLogin -->
